RUN	simulations.CorrelationApiCheckResponseAndExtractData	correlationapicheckresponseandextractdata	1674219165935	testcorrelationapi	3.5.1
USER	To check Api Correlation	START	1674219167373
USER	To check Api Correlation	START	1674219167373
USER	To check Api Correlation	START	1674219167373
USER	To check Api Correlation	START	1674219167374
USER	To check Api Correlation	START	1674219167375
USER	To check Api Correlation	START	1674219167374
USER	To check Api Correlation	START	1674219167376
USER	To check Api Correlation	START	1674219167373
USER	To check Api Correlation	START	1674219167373
USER	To check Api Correlation	START	1674219167373
USER	To check Api Correlation	START	1674219167376
USER	To check Api Correlation	START	1674219167374
USER	To check Api Correlation	START	1674219167373
USER	To check Api Correlation	START	1674219167373
USER	To check Api Correlation	START	1674219167373
USER	To check Api Correlation	START	1674219167373
USER	To check Api Correlation	START	1674219167662
USER	To check Api Correlation	START	1674219167375
USER	To check Api Correlation	START	1674219167373
USER	To check Api Correlation	START	1674219167373
USER	To check Api Correlation	START	1674219167662
USER	To check Api Correlation	START	1674219167373
USER	To check Api Correlation	START	1674219167663
USER	To check Api Correlation	START	1674219167663
USER	To check Api Correlation	START	1674219167375
USER	To check Api Correlation	START	1674219167663
USER	To check Api Correlation	START	1674219167662
USER	To check Api Correlation	START	1674219167662
USER	To check Api Correlation	START	1674219167373
USER	To check Api Correlation	START	1674219167662
USER	To check Api Correlation	START	1674219167375
USER	To check Api Correlation	START	1674219167662
USER	To check Api Correlation	START	1674219167662
USER	To check Api Correlation	START	1674219167375
USER	To check Api Correlation	START	1674219167664
USER	To check Api Correlation	START	1674219167663
USER	To check Api Correlation	START	1674219167373
USER	To check Api Correlation	START	1674219167374
USER	To check Api Correlation	START	1674219167373
USER	To check Api Correlation	START	1674219167373
USER	To check Api Correlation	START	1674219167373
USER	To check Api Correlation	START	1674219167374
USER	To check Api Correlation	START	1674219167662
USER	To check Api Correlation	START	1674219167664
USER	To check Api Correlation	START	1674219167373
USER	To check Api Correlation	START	1674219167662
USER	To check Api Correlation	START	1674219167665
USER	To check Api Correlation	START	1674219167373
USER	To check Api Correlation	START	1674219167666
USER	To check Api Correlation	START	1674219167667
REQUEST		to get list of users	1674219167662	1674219168845	OK	 
REQUEST		to get list of users	1674219167400	1674219168920	OK	 
REQUEST		to get list of users	1674219167400	1674219168920	OK	 
REQUEST		to get list of users	1674219167663	1674219168934	OK	 
REQUEST		to get list of users	1674219167400	1674219168980	OK	 
REQUEST		to get list of users	1674219167664	1674219169081	OK	 
REQUEST		to get list of users	1674219167399	1674219169126	OK	 
REQUEST		to get list of users	1674219167399	1674219169126	OK	 
REQUEST		to get list of users	1674219167662	1674219169142	OK	 
REQUEST		to get list of users	1674219167400	1674219169184	OK	 
REQUEST		to get list of users	1674219167399	1674219169336	OK	 
REQUEST		to get list of users	1674219167664	1674219169367	OK	 
REQUEST		to get list of users	1674219167400	1674219169538	OK	 
REQUEST		to get list of users	1674219167399	1674219169783	OK	 
REQUEST		to get list of users	1674219167399	1674219169792	OK	 
REQUEST		to get list of users	1674219167399	1674219169847	OK	 
REQUEST		to get list of users	1674219167400	1674219169877	OK	 
REQUEST		to get list of users	1674219167400	1674219169938	OK	 
REQUEST		to get list of users	1674219167662	1674219169981	OK	 
REQUEST		to get list of users	1674219167401	1674219170034	OK	 
REQUEST		to get list of users	1674219167399	1674219170093	OK	 
REQUEST		to get list of users	1674219167662	1674219170171	OK	 
REQUEST		to get list of users	1674219167665	1674219170172	OK	 
REQUEST		to get list of users	1674219167664	1674219170194	OK	 
REQUEST		to get list of users	1674219167399	1674219170276	OK	 
REQUEST		to get list of users	1674219167400	1674219170308	OK	 
REQUEST		to get list of users	1674219167399	1674219170309	OK	 
REQUEST		to get list of users	1674219167400	1674219170587	OK	 
REQUEST		to get list of users	1674219167399	1674219170773	OK	 
REQUEST		to get list of users	1674219167665	1674219170818	OK	 
REQUEST		to get list of users	1674219167662	1674219170838	OK	 
REQUEST		to get list of users	1674219167400	1674219170913	OK	 
REQUEST		to get list of users	1674219167399	1674219170944	OK	 
REQUEST		to get list of users	1674219167663	1674219170960	OK	 
REQUEST		to get list of users	1674219167399	1674219170975	OK	 
REQUEST		to get list of users	1674219167399	1674219171052	OK	 
REQUEST		to get list of users	1674219167667	1674219171130	OK	 
REQUEST		to get list of users	1674219167400	1674219171159	OK	 
REQUEST		to get list of users	1674219167666	1674219171159	OK	 
REQUEST		to get list of users	1674219167663	1674219171191	OK	 
REQUEST		to get list of users	1674219167400	1674219171291	OK	 
REQUEST		to get list of users	1674219167399	1674219171393	OK	 
REQUEST		to get list of users	1674219167399	1674219171398	OK	 
REQUEST		to get list of users	1674219167400	1674219171410	OK	 
REQUEST		to get list of users	1674219167664	1674219171416	OK	 
REQUEST		to get list of users	1674219167400	1674219171427	OK	 
REQUEST		to get list of users	1674219167400	1674219171468	OK	 
REQUEST		to get list of users	1674219167665	1674219171468	OK	 
REQUEST		to get list of users	1674219167400	1674219171483	OK	 
REQUEST		to get list of users	1674219167663	1674219171528	OK	 
REQUEST		get the specific user	1674219173908	1674219174426	OK	 
USER	To check Api Correlation	END	1674219174430
REQUEST		get the specific user	1674219173934	1674219174480	OK	 
USER	To check Api Correlation	END	1674219174481
REQUEST		get the specific user	1674219173949	1674219174496	OK	 
REQUEST		get the specific user	1674219173934	1674219174496	OK	 
USER	To check Api Correlation	END	1674219174497
USER	To check Api Correlation	END	1674219174498
REQUEST		get the specific user	1674219173995	1674219174557	OK	 
USER	To check Api Correlation	END	1674219174558
REQUEST		get the specific user	1674219174090	1674219174610	OK	 
USER	To check Api Correlation	END	1674219174612
REQUEST		get the specific user	1674219174138	1674219174736	OK	 
REQUEST		get the specific user	1674219174154	1674219174737	OK	 
USER	To check Api Correlation	END	1674219174738
REQUEST		get the specific user	1674219174138	1674219174736	OK	 
USER	To check Api Correlation	END	1674219174738
USER	To check Api Correlation	END	1674219174738
REQUEST		get the specific user	1674219174201	1674219174754	OK	 
USER	To check Api Correlation	END	1674219174755
REQUEST		get the specific user	1674219174340	1674219174896	OK	 
USER	To check Api Correlation	END	1674219174897
REQUEST		get the specific user	1674219174370	1674219174949	OK	 
USER	To check Api Correlation	END	1674219174950
REQUEST		get the specific user	1674219174540	1674219175091	OK	 
USER	To check Api Correlation	END	1674219175093
REQUEST		get the specific user	1674219174790	1674219175316	OK	 
USER	To check Api Correlation	END	1674219175318
REQUEST		get the specific user	1674219174806	1674219175354	OK	 
USER	To check Api Correlation	END	1674219175355
REQUEST		get the specific user	1674219174854	1674219175389	OK	 
USER	To check Api Correlation	END	1674219175390
REQUEST		get the specific user	1674219174884	1674219175422	OK	 
USER	To check Api Correlation	END	1674219175423
REQUEST		get the specific user	1674219174946	1674219175484	OK	 
USER	To check Api Correlation	END	1674219175485
REQUEST		get the specific user	1674219174992	1674219175542	OK	 
USER	To check Api Correlation	END	1674219175543
REQUEST		get the specific user	1674219175040	1674219175603	OK	 
USER	To check Api Correlation	END	1674219175604
REQUEST		get the specific user	1674219175104	1674219175681	OK	 
USER	To check Api Correlation	END	1674219175683
REQUEST		get the specific user	1674219175180	1674219175779	OK	 
USER	To check Api Correlation	END	1674219175780
REQUEST		get the specific user	1674219175196	1674219175791	OK	 
USER	To check Api Correlation	END	1674219175791
REQUEST		get the specific user	1674219175181	1674219175793	OK	 
USER	To check Api Correlation	END	1674219175793
REQUEST		get the specific user	1674219175288	1674219175837	OK	 
USER	To check Api Correlation	END	1674219175838
REQUEST		get the specific user	1674219175319	1674219175862	OK	 
USER	To check Api Correlation	END	1674219175863
REQUEST		get the specific user	1674219175319	1674219175876	OK	 
USER	To check Api Correlation	END	1674219175877
REQUEST		get the specific user	1674219175601	1674219176137	OK	 
USER	To check Api Correlation	END	1674219176138
REQUEST		get the specific user	1674219175789	1674219176345	OK	 
USER	To check Api Correlation	END	1674219176346
REQUEST		get the specific user	1674219175850	1674219176520	OK	 
USER	To check Api Correlation	END	1674219176521
REQUEST		get the specific user	1674219175835	1674219176539	OK	 
USER	To check Api Correlation	END	1674219176540
REQUEST		get the specific user	1674219175975	1674219176591	OK	 
USER	To check Api Correlation	END	1674219176591
REQUEST		get the specific user	1674219175958	1674219176624	OK	 
USER	To check Api Correlation	END	1674219176625
REQUEST		get the specific user	1674219176054	1674219176652	OK	 
REQUEST		get the specific user	1674219175928	1674219176652	OK	 
USER	To check Api Correlation	END	1674219176653
USER	To check Api Correlation	END	1674219176653
REQUEST		get the specific user	1674219175990	1674219176656	OK	 
USER	To check Api Correlation	END	1674219176656
REQUEST		get the specific user	1674219176146	1674219176692	OK	 
USER	To check Api Correlation	END	1674219176693
REQUEST		get the specific user	1674219176161	1674219176727	OK	 
USER	To check Api Correlation	END	1674219176727
REQUEST		get the specific user	1674219176161	1674219176768	OK	 
USER	To check Api Correlation	END	1674219176770
REQUEST		get the specific user	1674219176207	1674219176803	OK	 
USER	To check Api Correlation	END	1674219176805
REQUEST		get the specific user	1674219176301	1674219176855	OK	 
USER	To check Api Correlation	END	1674219176856
REQUEST		get the specific user	1674219176396	1674219176968	OK	 
USER	To check Api Correlation	END	1674219176969
REQUEST		get the specific user	1674219176427	1674219177006	OK	 
USER	To check Api Correlation	END	1674219177007
REQUEST		get the specific user	1674219176427	1674219177010	OK	 
USER	To check Api Correlation	END	1674219177011
REQUEST		get the specific user	1674219176442	1674219177069	OK	 
USER	To check Api Correlation	END	1674219177070
REQUEST		get the specific user	1674219176412	1674219177078	OK	 
USER	To check Api Correlation	END	1674219177078
REQUEST		get the specific user	1674219176473	1674219177117	OK	 
USER	To check Api Correlation	END	1674219177118
REQUEST		get the specific user	1674219176489	1674219177142	OK	 
USER	To check Api Correlation	END	1674219177143
REQUEST		get the specific user	1674219176473	1674219177166	OK	 
USER	To check Api Correlation	END	1674219177168
REQUEST		get the specific user	1674219176536	1674219177220	OK	 
USER	To check Api Correlation	END	1674219177221
