RUN	simulations.CSVFileReader	csvfilereader	1674459230366	rampusers	3.5.1
USER	to get data from csv feeder	START	1674459236964
USER	to get data from csv feeder	START	1674459236964
USER	to get data from csv feeder	START	1674459236964
USER	to get data from csv feeder	START	1674459236964
USER	to get data from csv feeder	START	1674459236964
USER	to get data from csv feeder	START	1674459236965
USER	to get data from csv feeder	START	1674459237441
USER	to get data from csv feeder	START	1674459237937
USER	to get data from csv feeder	START	1674459238438
REQUEST		to read data from csv file	1674459237020	1674459238572	KO	jsonPath($.data.name).find.is(Fr. Gajadhar Achari), but actually found nothing
REQUEST		to read data from csv file	1674459237020	1674459238572	KO	jsonPath($.data.name).find.is(Fr. Gajadhar Achari), but actually found nothing
REQUEST		to read data from csv file	1674459237442	1674459238768	KO	jsonPath($.data.name).find.is(Fr. Gajadhar Achari), but actually found nothing
REQUEST		to read data from csv file	1674459237020	1674459238796	KO	jsonPath($.data.name).find.is(Fr. Gajadhar Achari), but actually found nothing
REQUEST		to read data from csv file	1674459237020	1674459238842	KO	jsonPath($.data.name).find.is(Chandrakala Rana), but actually found nothing
REQUEST		to read data from csv file	1674459237020	1674459238850	KO	jsonPath($.data.name).find.is(Chandrakala Rana), but actually found nothing
REQUEST		to read data from csv file	1674459237020	1674459238860	KO	jsonPath($.data.name).find.is(Chandrakala Rana), but actually found nothing
USER	to get data from csv feeder	START	1674459238937
REQUEST		to read data from csv file	1674459238679	1674459239019	KO	jsonPath($.data.name).find.is(Chandrakala Rana), but actually found nothing
REQUEST		to read data from csv file	1674459238680	1674459239045	OK	 
REQUEST		to read data from csv file	1674459238853	1674459239216	KO	jsonPath($.data.name).find.is(Fr. Gajadhar Achari), but actually found nothing
REQUEST		to read data from csv file	1674459238864	1674459239220	OK	 
REQUEST		to read data from csv file	1674459237938	1674459239352	KO	jsonPath($.data.name).find.is(Chandrakala Rana), but actually found nothing
REQUEST		to read data from csv file	1674459238772	1674459239354	KO	jsonPath($.data.name).find.is(Chandrakala Rana), but actually found nothing
REQUEST		to read data from csv file	1674459239022	1674459239383	OK	 
REQUEST		to read data from csv file	1674459239050	1674459239399	OK	 
REQUEST		to read data from csv file	1674459238799	1674459239431	OK	 
USER	to get data from csv feeder	START	1674459239437
REQUEST		to read data from csv file	1674459238846	1674459239492	OK	 
REQUEST		to read data from csv file	1674459238440	1674459239526	KO	jsonPath($.data.name).find.is(Fr. Gajadhar Achari), but actually found nothing
REQUEST		to read data from csv file	1674459239222	1674459239578	KO	jsonPath($.data.name).find.is(Fr. Gajadhar Achari), but actually found nothing
REQUEST		to read data from csv file	1674459239222	1674459239586	OK	 
REQUEST		to read data from csv file	1674459239355	1674459239709	OK	 
REQUEST		to read data from csv file	1674459239356	1674459239709	OK	 
REQUEST		to read data from csv file	1674459239385	1674459239733	OK	 
REQUEST		to read data from csv file	1674459239402	1674459239736	OK	 
REQUEST		to read data from csv file	1674459239433	1674459239787	KO	jsonPath($.data.name).find.is(Chandrakala Rana), but actually found nothing
REQUEST		to read data from csv file	1674459239494	1674459239863	OK	 
REQUEST		to read data from csv file	1674459239530	1674459239903	OK	 
USER	to get data from csv feeder	START	1674459239937
REQUEST		to read data from csv file	1674459239588	1674459239938	OK	 
REQUEST		to read data from csv file	1674459239581	1674459239947	OK	 
REQUEST		to read data from csv file	1674459239711	1674459240047	KO	jsonPath($.data.name).find.is(Fr. Gajadhar Achari), but actually found nothing
REQUEST		to read data from csv file	1674459239736	1674459240062	OK	 
REQUEST		to read data from csv file	1674459239711	1674459240064	OK	 
REQUEST		to read data from csv file	1674459239737	1674459240096	OK	 
REQUEST		to read data from csv file	1674459239790	1674459240134	OK	 
REQUEST		to read data from csv file	1674459239866	1674459240222	KO	jsonPath($.data.name).find.is(Fr. Gajadhar Achari), but actually found nothing
REQUEST		to read data from csv file	1674459239906	1674459240243	KO	jsonPath($.data.name).find.is(Chandrakala Rana), but actually found nothing
REQUEST		to read data from csv file	1674459238939	1674459240274	KO	jsonPath($.data.name).find.is(Fr. Gajadhar Achari), but actually found nothing
REQUEST		to read data from csv file	1674459239949	1674459240292	OK	 
REQUEST		to read data from csv file	1674459239941	1674459240296	OK	 
REQUEST		to read data from csv file	1674459240049	1674459240386	OK	 
REQUEST		to read data from csv file	1674459240064	1674459240390	OK	 
REQUEST		to read data from csv file	1674459240065	1674459240399	OK	 
REQUEST		to read data from csv file	1674459240098	1674459240425	OK	 
USER	to get data from csv feeder	START	1674459240438
REQUEST		to read data from csv file	1674459240136	1674459240467	OK	 
REQUEST		to read data from csv file	1674459239438	1674459240467	KO	jsonPath($.data.name).find.is(Fr. Gajadhar Achari), but actually found nothing
REQUEST		to read data from csv file	1674459240248	1674459240587	OK	 
REQUEST		to read data from csv file	1674459240225	1674459240588	OK	 
REQUEST		to read data from csv file	1674459240276	1674459240608	OK	 
REQUEST		to read data from csv file	1674459240293	1674459240637	OK	 
REQUEST		to read data from csv file	1674459240297	1674459240655	OK	 
REQUEST		to read data from csv file	1674459240389	1674459240720	OK	 
REQUEST		to read data from csv file	1674459240393	1674459240722	OK	 
REQUEST		to read data from csv file	1674459240400	1674459240727	OK	 
REQUEST		to read data from csv file	1674459240428	1674459240756	OK	 
REQUEST		to read data from csv file	1674459240469	1674459240799	KO	jsonPath($.data.name).find.is(Chandrakala Rana), but actually found nothing
REQUEST		to read data from csv file	1674459240468	1674459240801	OK	 
REQUEST		to read data from csv file	1674459240589	1674459240928	OK	 
USER	to get data from csv feeder	START	1674459240938
REQUEST		to read data from csv file	1674459240611	1674459240946	OK	 
REQUEST		to read data from csv file	1674459240589	1674459240947	OK	 
REQUEST		to read data from csv file	1674459240639	1674459240991	OK	 
REQUEST		to read data from csv file	1674459240657	1674459241025	OK	 
REQUEST		to read data from csv file	1674459240722	1674459241062	OK	 
REQUEST		to read data from csv file	1674459240723	1674459241073	OK	 
REQUEST		to read data from csv file	1674459240731	1674459241079	OK	 
REQUEST		to read data from csv file	1674459240759	1674459241091	OK	 
REQUEST		to read data from csv file	1674459240803	1674459241152	OK	 
REQUEST		to read data from csv file	1674459240803	1674459241152	OK	 
REQUEST		to read data from csv file	1674459239939	1674459241245	KO	jsonPath($.data.name).find.is(Fr. Gajadhar Achari), but actually found nothing
REQUEST		to read data from csv file	1674459240931	1674459241269	OK	 
REQUEST		to read data from csv file	1674459240949	1674459241312	OK	 
REQUEST		to read data from csv file	1674459240994	1674459241344	OK	 
REQUEST		to read data from csv file	1674459241027	1674459241371	OK	 
REQUEST		to read data from csv file	1674459241064	1674459241412	OK	 
REQUEST		to read data from csv file	1674459241081	1674459241413	OK	 
REQUEST		to read data from csv file	1674459241075	1674459241426	OK	 
REQUEST		to read data from csv file	1674459241092	1674459241426	OK	 
USER	to get data from csv feeder	END	1674459241435
USER	to get data from csv feeder	END	1674459241435
USER	to get data from csv feeder	START	1674459241435
REQUEST		to read data from csv file	1674459241155	1674459241485	OK	 
REQUEST		to read data from csv file	1674459241155	1674459241490	OK	 
REQUEST		to read data from csv file	1674459240949	1674459241491	KO	jsonPath($.data.name).find.is(Chandrakala Rana), but actually found nothing
REQUEST		to read data from csv file	1674459241271	1674459241609	OK	 
REQUEST		to read data from csv file	1674459241314	1674459241667	OK	 
REQUEST		to read data from csv file	1674459241347	1674459241700	OK	 
USER	to get data from csv feeder	END	1674459241702
REQUEST		to read data from csv file	1674459241374	1674459241715	OK	 
USER	to get data from csv feeder	END	1674459241716
REQUEST		to read data from csv file	1674459241415	1674459241747	OK	 
REQUEST		to read data from csv file	1674459241415	1674459241749	OK	 
USER	to get data from csv feeder	END	1674459241750
REQUEST		to read data from csv file	1674459240439	1674459241750	KO	jsonPath($.data.name).find.is(Chandrakala Rana), but actually found nothing
REQUEST		to read data from csv file	1674459241248	1674459241799	KO	jsonPath($.data.name).find.is(Chandrakala Rana), but actually found nothing
REQUEST		to read data from csv file	1674459241488	1674459241828	OK	 
REQUEST		to read data from csv file	1674459241491	1674459241829	OK	 
USER	to get data from csv feeder	END	1674459241831
REQUEST		to read data from csv file	1674459241494	1674459241855	OK	 
REQUEST		to read data from csv file	1674459241611	1674459241962	OK	 
REQUEST		to read data from csv file	1674459240939	1674459241979	KO	jsonPath($.data.name).find.is(Fr. Gajadhar Achari), but actually found nothing
REQUEST		to read data from csv file	1674459241668	1674459242018	OK	 
USER	to get data from csv feeder	END	1674459242019
REQUEST		to read data from csv file	1674459241749	1674459242084	OK	 
USER	to get data from csv feeder	END	1674459242085
REQUEST		to read data from csv file	1674459241752	1674459242095	OK	 
REQUEST		to read data from csv file	1674459241802	1674459242125	OK	 
REQUEST		to read data from csv file	1674459241831	1674459242159	OK	 
REQUEST		to read data from csv file	1674459241856	1674459242180	OK	 
REQUEST		to read data from csv file	1674459241982	1674459242335	OK	 
REQUEST		to read data from csv file	1674459241964	1674459242365	OK	 
USER	to get data from csv feeder	END	1674459242366
REQUEST		to read data from csv file	1674459242098	1674459242447	OK	 
REQUEST		to read data from csv file	1674459241438	1674459242463	KO	jsonPath($.data.name).find.is(Fr. Gajadhar Achari), but actually found nothing
REQUEST		to read data from csv file	1674459242127	1674459242477	OK	 
REQUEST		to read data from csv file	1674459242161	1674459242488	OK	 
REQUEST		to read data from csv file	1674459242181	1674459242513	OK	 
REQUEST		to read data from csv file	1674459242338	1674459242684	KO	jsonPath($.data.name).find.is(Chandrakala Rana), but actually found nothing
REQUEST		to read data from csv file	1674459242515	1674459242869	OK	 
REQUEST		to read data from csv file	1674459242480	1674459242869	OK	 
REQUEST		to read data from csv file	1674459242490	1674459242869	OK	 
REQUEST		to read data from csv file	1674459242449	1674459242869	KO	jsonPath($.data.name).find.is(Fr. Gajadhar Achari), but actually found nothing
REQUEST		to read data from csv file	1674459242465	1674459242869	KO	jsonPath($.data.name).find.is(Chandrakala Rana), but actually found nothing
REQUEST		to read data from csv file	1674459242687	1674459243072	OK	 
REQUEST		to read data from csv file	1674459242871	1674459243279	OK	 
REQUEST		to read data from csv file	1674459242871	1674459243279	OK	 
REQUEST		to read data from csv file	1674459242872	1674459243280	OK	 
REQUEST		to read data from csv file	1674459242873	1674459243280	OK	 
USER	to get data from csv feeder	END	1674459243281
USER	to get data from csv feeder	END	1674459243281
REQUEST		to read data from csv file	1674459242871	1674459243283	OK	 
REQUEST		to read data from csv file	1674459243074	1674459243439	OK	 
REQUEST		to read data from csv file	1674459243284	1674459243780	OK	 
REQUEST		to read data from csv file	1674459243281	1674459243781	OK	 
REQUEST		to read data from csv file	1674459243281	1674459243781	OK	 
REQUEST		to read data from csv file	1674459243441	1674459243786	OK	 
REQUEST		to read data from csv file	1674459243782	1674459244200	OK	 
REQUEST		to read data from csv file	1674459243788	1674459244201	OK	 
REQUEST		to read data from csv file	1674459243782	1674459244200	OK	 
REQUEST		to read data from csv file	1674459243782	1674459244200	OK	 
REQUEST		to read data from csv file	1674459244207	1674459244599	OK	 
REQUEST		to read data from csv file	1674459244204	1674459244599	OK	 
USER	to get data from csv feeder	END	1674459244600
REQUEST		to read data from csv file	1674459244206	1674459244607	OK	 
REQUEST		to read data from csv file	1674459244205	1674459244613	OK	 
REQUEST		to read data from csv file	1674459244609	1674459244973	OK	 
USER	to get data from csv feeder	END	1674459244975
REQUEST		to read data from csv file	1674459244614	1674459244989	OK	 
USER	to get data from csv feeder	END	1674459244990
REQUEST		to read data from csv file	1674459244601	1674459245003	OK	 
REQUEST		to read data from csv file	1674459245004	1674459245429	OK	 
REQUEST		to read data from csv file	1674459245431	1674459245838	OK	 
USER	to get data from csv feeder	END	1674459245839
