RUN	simulations.UpdateUserUsingPutCall	updateuserusingputcall	1660128715985	 	3.5.1
USER	To update the user details	START	1660128717613
USER	To update the user details	START	1660128717546
USER	To update the user details	START	1660128717544
USER	To update the user details	START	1660128717544
USER	To update the user details	START	1660128717545
USER	To update the user details	START	1660128717544
USER	To update the user details	START	1660128717545
USER	To update the user details	START	1660128717544
USER	To update the user details	START	1660128717544
USER	To update the user details	START	1660128717544
USER	To update the user details	START	1660128717547
USER	To update the user details	START	1660128717544
USER	To update the user details	START	1660128717545
USER	To update the user details	START	1660128717544
USER	To update the user details	START	1660128717545
USER	To update the user details	START	1660128717546
USER	To update the user details	START	1660128717546
USER	To update the user details	START	1660128717544
USER	To update the user details	START	1660128717544
USER	To update the user details	START	1660128717544
USER	To update the user details	START	1660128717852
USER	To update the user details	START	1660128717547
USER	To update the user details	START	1660128717544
USER	To update the user details	START	1660128717547
USER	To update the user details	START	1660128717545
USER	To update the user details	START	1660128717852
USER	To update the user details	START	1660128717852
USER	To update the user details	START	1660128717852
USER	To update the user details	START	1660128717544
USER	To update the user details	START	1660128717852
USER	To update the user details	START	1660128717544
USER	To update the user details	START	1660128717544
USER	To update the user details	START	1660128717852
USER	To update the user details	START	1660128717544
USER	To update the user details	START	1660128717546
USER	To update the user details	START	1660128717852
USER	To update the user details	START	1660128717852
USER	To update the user details	START	1660128717852
USER	To update the user details	START	1660128717852
USER	To update the user details	START	1660128717544
USER	To update the user details	START	1660128717852
USER	To update the user details	START	1660128717852
USER	To update the user details	START	1660128717853
USER	To update the user details	START	1660128717853
USER	To update the user details	START	1660128717855
USER	To update the user details	START	1660128717852
USER	To update the user details	START	1660128717853
USER	To update the user details	START	1660128717853
USER	To update the user details	START	1660128717855
USER	To update the user details	START	1660128717853
USER	To update the user details	START	1660128717853
USER	To update the user details	START	1660128717853
USER	To update the user details	START	1660128717856
USER	To update the user details	START	1660128717855
USER	To update the user details	START	1660128717856
USER	To update the user details	START	1660128717856
USER	To update the user details	START	1660128717854
USER	To update the user details	START	1660128717856
USER	To update the user details	START	1660128717853
USER	To update the user details	START	1660128717855
USER	To update the user details	START	1660128717857
USER	To update the user details	START	1660128717856
USER	To update the user details	START	1660128717853
USER	To update the user details	START	1660128717858
USER	To update the user details	START	1660128717853
USER	To update the user details	START	1660128717852
USER	To update the user details	START	1660128717547
USER	To update the user details	START	1660128717852
USER	To update the user details	START	1660128717853
USER	To update the user details	START	1660128717853
USER	To update the user details	START	1660128717853
USER	To update the user details	START	1660128717544
USER	To update the user details	START	1660128717854
USER	To update the user details	START	1660128717861
USER	To update the user details	START	1660128717861
USER	To update the user details	START	1660128717852
USER	To update the user details	START	1660128717854
USER	To update the user details	START	1660128717854
USER	To update the user details	START	1660128717854
USER	To update the user details	START	1660128717854
USER	To update the user details	START	1660128717854
USER	To update the user details	START	1660128717862
USER	To update the user details	START	1660128717863
USER	To update the user details	START	1660128717855
USER	To update the user details	START	1660128717863
USER	To update the user details	START	1660128717855
USER	To update the user details	START	1660128717853
USER	To update the user details	START	1660128717854
USER	To update the user details	START	1660128717860
USER	To update the user details	START	1660128717861
USER	To update the user details	START	1660128717860
USER	To update the user details	START	1660128717856
USER	To update the user details	START	1660128717862
USER	To update the user details	START	1660128717862
USER	To update the user details	START	1660128717862
USER	To update the user details	START	1660128717862
USER	To update the user details	START	1660128717865
USER	To update the user details	START	1660128717866
USER	To update the user details	START	1660128717865
USER	To update the user details	START	1660128717866
REQUEST		update user	1660128717853	1660128718351	OK	 
REQUEST		update user	1660128717638	1660128718351	OK	 
REQUEST		update user	1660128717855	1660128718351	OK	 
REQUEST		update user	1660128717638	1660128718363	OK	 
REQUEST		update user	1660128717638	1660128718363	OK	 
REQUEST		update user	1660128717853	1660128718363	OK	 
REQUEST		update user	1660128717637	1660128718363	OK	 
REQUEST		update user	1660128717859	1660128718364	OK	 
REQUEST		update user	1660128717866	1660128718364	OK	 
REQUEST		update user	1660128717853	1660128718365	OK	 
REQUEST		update user	1660128717856	1660128718365	OK	 
REQUEST		update user	1660128717852	1660128718365	OK	 
REQUEST		update user	1660128717853	1660128718365	OK	 
REQUEST		update user	1660128717861	1660128718365	OK	 
REQUEST		update user	1660128717862	1660128718365	OK	 
REQUEST		update user	1660128717852	1660128718365	OK	 
REQUEST		update user	1660128717853	1660128718379	OK	 
REQUEST		update user	1660128717864	1660128718379	OK	 
REQUEST		update user	1660128717866	1660128718379	OK	 
REQUEST		update user	1660128717855	1660128718379	OK	 
REQUEST		update user	1660128717862	1660128718379	OK	 
REQUEST		update user	1660128717856	1660128718379	OK	 
REQUEST		update user	1660128717853	1660128718380	OK	 
REQUEST		update user	1660128717856	1660128718380	OK	 
REQUEST		update user	1660128717638	1660128718380	OK	 
REQUEST		update user	1660128717854	1660128718380	OK	 
REQUEST		update user	1660128717637	1660128718380	OK	 
REQUEST		update user	1660128717638	1660128718380	OK	 
REQUEST		update user	1660128717863	1660128718380	OK	 
REQUEST		update user	1660128717637	1660128718380	OK	 
REQUEST		update user	1660128717638	1660128718380	OK	 
REQUEST		update user	1660128717637	1660128718393	OK	 
REQUEST		update user	1660128717637	1660128718393	OK	 
REQUEST		update user	1660128717865	1660128718394	OK	 
REQUEST		update user	1660128717856	1660128718394	OK	 
REQUEST		update user	1660128717853	1660128718394	OK	 
REQUEST		update user	1660128717855	1660128718394	OK	 
REQUEST		update user	1660128717855	1660128718394	OK	 
REQUEST		update user	1660128717637	1660128718394	OK	 
REQUEST		update user	1660128717638	1660128718394	OK	 
REQUEST		update user	1660128717865	1660128718394	OK	 
REQUEST		update user	1660128717852	1660128718394	OK	 
REQUEST		update user	1660128717853	1660128718394	OK	 
REQUEST		update user	1660128717857	1660128718394	OK	 
REQUEST		update user	1660128717861	1660128718414	OK	 
REQUEST		update user	1660128717865	1660128718415	OK	 
REQUEST		update user	1660128717637	1660128718415	OK	 
REQUEST		update user	1660128717859	1660128718415	OK	 
REQUEST		update user	1660128717855	1660128718415	OK	 
REQUEST		update user	1660128717852	1660128718415	OK	 
REQUEST		update user	1660128717638	1660128718415	OK	 
REQUEST		update user	1660128717857	1660128718415	OK	 
REQUEST		update user	1660128717855	1660128718415	OK	 
REQUEST		update user	1660128717856	1660128718415	OK	 
REQUEST		update user	1660128717857	1660128718415	OK	 
REQUEST		update user	1660128717637	1660128718415	OK	 
REQUEST		update user	1660128717857	1660128718416	OK	 
REQUEST		update user	1660128717637	1660128718426	OK	 
REQUEST		update user	1660128717855	1660128718426	OK	 
REQUEST		update user	1660128717637	1660128718426	OK	 
REQUEST		update user	1660128717855	1660128718426	OK	 
REQUEST		update user	1660128717861	1660128718426	OK	 
REQUEST		update user	1660128717855	1660128718426	OK	 
REQUEST		update user	1660128717638	1660128718426	OK	 
REQUEST		update user	1660128717638	1660128718426	OK	 
REQUEST		update user	1660128717853	1660128718426	OK	 
REQUEST		update user	1660128717637	1660128718426	OK	 
REQUEST		update user	1660128717865	1660128718426	OK	 
REQUEST		update user	1660128717638	1660128718426	OK	 
REQUEST		update user	1660128717637	1660128718426	OK	 
REQUEST		update user	1660128717637	1660128718426	OK	 
REQUEST		update user	1660128717855	1660128718426	OK	 
REQUEST		update user	1660128717638	1660128718426	OK	 
REQUEST		update user	1660128717637	1660128718427	OK	 
REQUEST		update user	1660128717854	1660128718427	OK	 
REQUEST		update user	1660128717862	1660128718427	OK	 
REQUEST		update user	1660128717638	1660128718440	OK	 
REQUEST		update user	1660128717637	1660128718440	OK	 
REQUEST		update user	1660128717855	1660128718440	OK	 
REQUEST		update user	1660128717638	1660128718440	OK	 
REQUEST		update user	1660128717865	1660128718440	OK	 
REQUEST		update user	1660128717855	1660128718440	OK	 
REQUEST		update user	1660128717638	1660128718440	OK	 
REQUEST		update user	1660128717854	1660128718441	OK	 
REQUEST		update user	1660128717862	1660128718440	OK	 
REQUEST		update user	1660128717852	1660128718441	OK	 
REQUEST		update user	1660128717853	1660128718441	OK	 
REQUEST		update user	1660128717866	1660128718441	OK	 
REQUEST		update user	1660128717853	1660128718455	OK	 
REQUEST		update user	1660128717853	1660128718455	OK	 
REQUEST		update user	1660128717852	1660128718456	OK	 
REQUEST		update user	1660128717866	1660128718456	OK	 
REQUEST		update user	1660128717865	1660128718624	OK	 
REQUEST		update user	1660128717637	1660128718624	OK	 
REQUEST		update user	1660128717853	1660128718640	OK	 
REQUEST		update user	1660128717862	1660128718640	OK	 
REQUEST		update user	1660128717861	1660128718684	OK	 
REQUEST		update user	1660128717638	1660128718706	OK	 
REQUEST		update user	1660128717855	1660128718707	OK	 
REQUEST		update user	1660128717853	1660128718761	OK	 
REQUEST		delete user	1660128725371	1660128725692	OK	 
USER	To update the user details	END	1660128725696
REQUEST		delete user	1660128725371	1660128725696	OK	 
USER	To update the user details	END	1660128725697
REQUEST		delete user	1660128725371	1660128725697	OK	 
REQUEST		delete user	1660128725371	1660128725697	OK	 
REQUEST		delete user	1660128725371	1660128725697	OK	 
REQUEST		delete user	1660128725373	1660128725698	OK	 
REQUEST		delete user	1660128725373	1660128725698	OK	 
REQUEST		delete user	1660128725371	1660128725698	OK	 
USER	To update the user details	END	1660128725698
USER	To update the user details	END	1660128725698
USER	To update the user details	END	1660128725698
USER	To update the user details	END	1660128725698
USER	To update the user details	END	1660128725698
USER	To update the user details	END	1660128725698
REQUEST		delete user	1660128725371	1660128725704	OK	 
REQUEST		delete user	1660128725386	1660128725704	OK	 
REQUEST		delete user	1660128725385	1660128725704	OK	 
USER	To update the user details	END	1660128725705
USER	To update the user details	END	1660128725705
USER	To update the user details	END	1660128725705
REQUEST		delete user	1660128725385	1660128725705	OK	 
USER	To update the user details	END	1660128725706
REQUEST		delete user	1660128725371	1660128725706	OK	 
USER	To update the user details	END	1660128725707
REQUEST		delete user	1660128725386	1660128725707	OK	 
USER	To update the user details	END	1660128725707
REQUEST		delete user	1660128725373	1660128725708	OK	 
USER	To update the user details	END	1660128725708
REQUEST		delete user	1660128725386	1660128725709	OK	 
USER	To update the user details	END	1660128725709
REQUEST		delete user	1660128725385	1660128725712	OK	 
USER	To update the user details	END	1660128725713
REQUEST		delete user	1660128725386	1660128725713	OK	 
REQUEST		delete user	1660128725371	1660128725713	OK	 
USER	To update the user details	END	1660128725714
USER	To update the user details	END	1660128725714
REQUEST		delete user	1660128725386	1660128725714	OK	 
REQUEST		delete user	1660128725402	1660128725714	OK	 
USER	To update the user details	END	1660128725715
USER	To update the user details	END	1660128725715
REQUEST		delete user	1660128725385	1660128725716	OK	 
REQUEST		delete user	1660128725386	1660128725716	OK	 
USER	To update the user details	END	1660128725716
USER	To update the user details	END	1660128725716
REQUEST		delete user	1660128725401	1660128725718	OK	 
REQUEST		delete user	1660128725386	1660128725718	OK	 
USER	To update the user details	END	1660128725718
USER	To update the user details	END	1660128725718
REQUEST		delete user	1660128725371	1660128725718	OK	 
USER	To update the user details	END	1660128725719
REQUEST		delete user	1660128725371	1660128725720	OK	 
USER	To update the user details	END	1660128725720
REQUEST		delete user	1660128725401	1660128725721	OK	 
USER	To update the user details	END	1660128725721
REQUEST		delete user	1660128725385	1660128725722	OK	 
USER	To update the user details	END	1660128725722
REQUEST		delete user	1660128725401	1660128725729	OK	 
REQUEST		delete user	1660128725417	1660128725729	OK	 
REQUEST		delete user	1660128725386	1660128725729	OK	 
USER	To update the user details	END	1660128725729
USER	To update the user details	END	1660128725729
USER	To update the user details	END	1660128725729
REQUEST		delete user	1660128725386	1660128725730	OK	 
REQUEST		delete user	1660128725402	1660128725730	OK	 
REQUEST		delete user	1660128725371	1660128725730	OK	 
REQUEST		delete user	1660128725401	1660128725730	OK	 
USER	To update the user details	END	1660128725730
USER	To update the user details	END	1660128725730
USER	To update the user details	END	1660128725730
USER	To update the user details	END	1660128725730
REQUEST		delete user	1660128725401	1660128725734	OK	 
USER	To update the user details	END	1660128725734
REQUEST		delete user	1660128725401	1660128725738	OK	 
USER	To update the user details	END	1660128725738
REQUEST		delete user	1660128725386	1660128725738	OK	 
USER	To update the user details	END	1660128725738
REQUEST		delete user	1660128725371	1660128725740	OK	 
USER	To update the user details	END	1660128725740
REQUEST		delete user	1660128725417	1660128725740	OK	 
USER	To update the user details	END	1660128725740
REQUEST		delete user	1660128725416	1660128725743	OK	 
REQUEST		delete user	1660128725417	1660128725743	OK	 
USER	To update the user details	END	1660128725743
USER	To update the user details	END	1660128725743
REQUEST		delete user	1660128725401	1660128725745	OK	 
USER	To update the user details	END	1660128725746
REQUEST		delete user	1660128725401	1660128725748	OK	 
USER	To update the user details	END	1660128725748
REQUEST		delete user	1660128725401	1660128725748	OK	 
USER	To update the user details	END	1660128725749
REQUEST		delete user	1660128725417	1660128725752	OK	 
USER	To update the user details	END	1660128725753
REQUEST		delete user	1660128725432	1660128725754	OK	 
REQUEST		delete user	1660128725433	1660128725754	OK	 
USER	To update the user details	END	1660128725754
USER	To update the user details	END	1660128725754
REQUEST		delete user	1660128725401	1660128725755	OK	 
USER	To update the user details	END	1660128725755
REQUEST		delete user	1660128725418	1660128725756	OK	 
USER	To update the user details	END	1660128725756
REQUEST		delete user	1660128725417	1660128725756	OK	 
USER	To update the user details	END	1660128725757
REQUEST		delete user	1660128725432	1660128725758	OK	 
USER	To update the user details	END	1660128725759
REQUEST		delete user	1660128725432	1660128725760	OK	 
USER	To update the user details	END	1660128725760
REQUEST		delete user	1660128725432	1660128725760	OK	 
USER	To update the user details	END	1660128725761
REQUEST		delete user	1660128725432	1660128725761	OK	 
USER	To update the user details	END	1660128725761
REQUEST		delete user	1660128725417	1660128725762	OK	 
REQUEST		delete user	1660128725416	1660128725762	OK	 
USER	To update the user details	END	1660128725762
USER	To update the user details	END	1660128725762
REQUEST		delete user	1660128725432	1660128725764	OK	 
REQUEST		delete user	1660128725432	1660128725764	OK	 
REQUEST		delete user	1660128725417	1660128725764	OK	 
USER	To update the user details	END	1660128725764
USER	To update the user details	END	1660128725764
USER	To update the user details	END	1660128725764
REQUEST		delete user	1660128725417	1660128725765	OK	 
USER	To update the user details	END	1660128725766
REQUEST		delete user	1660128725432	1660128725767	OK	 
REQUEST		delete user	1660128725432	1660128725767	OK	 
USER	To update the user details	END	1660128725767
USER	To update the user details	END	1660128725767
REQUEST		delete user	1660128725432	1660128725768	OK	 
REQUEST		delete user	1660128725432	1660128725768	OK	 
USER	To update the user details	END	1660128725768
USER	To update the user details	END	1660128725768
REQUEST		delete user	1660128725432	1660128725769	OK	 
USER	To update the user details	END	1660128725770
REQUEST		delete user	1660128725432	1660128725771	OK	 
USER	To update the user details	END	1660128725772
REQUEST		delete user	1660128725432	1660128725772	OK	 
USER	To update the user details	END	1660128725772
REQUEST		delete user	1660128725432	1660128725773	OK	 
USER	To update the user details	END	1660128725774
REQUEST		delete user	1660128725416	1660128725774	OK	 
USER	To update the user details	END	1660128725774
REQUEST		delete user	1660128725417	1660128725775	OK	 
USER	To update the user details	END	1660128725775
REQUEST		delete user	1660128725401	1660128725777	OK	 
USER	To update the user details	END	1660128725777
REQUEST		delete user	1660128725450	1660128725778	OK	 
USER	To update the user details	END	1660128725778
REQUEST		delete user	1660128725449	1660128725779	OK	 
USER	To update the user details	END	1660128725779
REQUEST		delete user	1660128725432	1660128725781	OK	 
USER	To update the user details	END	1660128725781
REQUEST		delete user	1660128725449	1660128725781	OK	 
REQUEST		delete user	1660128725432	1660128725781	OK	 
REQUEST		delete user	1660128725449	1660128725781	OK	 
USER	To update the user details	END	1660128725781
USER	To update the user details	END	1660128725781
USER	To update the user details	END	1660128725781
REQUEST		delete user	1660128725449	1660128725786	OK	 
USER	To update the user details	END	1660128725786
REQUEST		delete user	1660128725449	1660128725788	OK	 
USER	To update the user details	END	1660128725788
REQUEST		delete user	1660128725463	1660128725790	OK	 
USER	To update the user details	END	1660128725790
REQUEST		delete user	1660128725449	1660128725792	OK	 
USER	To update the user details	END	1660128725792
REQUEST		delete user	1660128725449	1660128725792	OK	 
USER	To update the user details	END	1660128725793
REQUEST		delete user	1660128725450	1660128725793	OK	 
USER	To update the user details	END	1660128725793
REQUEST		delete user	1660128725463	1660128725794	OK	 
USER	To update the user details	END	1660128725794
REQUEST		delete user	1660128725449	1660128725796	OK	 
USER	To update the user details	END	1660128725796
REQUEST		delete user	1660128725463	1660128725798	OK	 
USER	To update the user details	END	1660128725798
REQUEST		delete user	1660128725432	1660128725799	OK	 
USER	To update the user details	END	1660128725799
REQUEST		delete user	1660128725463	1660128725808	OK	 
USER	To update the user details	END	1660128725808
REQUEST		delete user	1660128725449	1660128725808	OK	 
USER	To update the user details	END	1660128725809
REQUEST		delete user	1660128725449	1660128725821	OK	 
USER	To update the user details	END	1660128725821
REQUEST		delete user	1660128725636	1660128725964	OK	 
USER	To update the user details	END	1660128725965
REQUEST		delete user	1660128725650	1660128725979	OK	 
USER	To update the user details	END	1660128725980
REQUEST		delete user	1660128725650	1660128725984	OK	 
USER	To update the user details	END	1660128725984
REQUEST		delete user	1660128725636	1660128725989	OK	 
USER	To update the user details	END	1660128725989
REQUEST		delete user	1660128725696	1660128726022	OK	 
USER	To update the user details	END	1660128726023
REQUEST		delete user	1660128725710	1660128726047	OK	 
REQUEST		delete user	1660128725710	1660128726048	OK	 
USER	To update the user details	END	1660128726048
USER	To update the user details	END	1660128726049
REQUEST		delete user	1660128725768	1660128726105	OK	 
USER	To update the user details	END	1660128726107
