RUN	simulations.CorrelationApiCheckResponseAndExtractData	correlationapicheckresponseandextractdata	1674219455593	corrtest	3.5.1
USER	To check Api Correlation	START	1674219456847
USER	To check Api Correlation	START	1674219456846
USER	To check Api Correlation	START	1674219456848
USER	To check Api Correlation	START	1674219456845
USER	To check Api Correlation	START	1674219456847
USER	To check Api Correlation	START	1674219456845
USER	To check Api Correlation	START	1674219456845
USER	To check Api Correlation	START	1674219456845
USER	To check Api Correlation	START	1674219456845
USER	To check Api Correlation	START	1674219456848
USER	To check Api Correlation	START	1674219456845
USER	To check Api Correlation	START	1674219456845
USER	To check Api Correlation	START	1674219457136
USER	To check Api Correlation	START	1674219456845
USER	To check Api Correlation	START	1674219457136
USER	To check Api Correlation	START	1674219456847
USER	To check Api Correlation	START	1674219456845
USER	To check Api Correlation	START	1674219456846
USER	To check Api Correlation	START	1674219457137
USER	To check Api Correlation	START	1674219456845
USER	To check Api Correlation	START	1674219456847
USER	To check Api Correlation	START	1674219456845
USER	To check Api Correlation	START	1674219456846
USER	To check Api Correlation	START	1674219456845
USER	To check Api Correlation	START	1674219457137
USER	To check Api Correlation	START	1674219457137
USER	To check Api Correlation	START	1674219457136
USER	To check Api Correlation	START	1674219456845
USER	To check Api Correlation	START	1674219456847
USER	To check Api Correlation	START	1674219456845
USER	To check Api Correlation	START	1674219457136
USER	To check Api Correlation	START	1674219456845
USER	To check Api Correlation	START	1674219457138
USER	To check Api Correlation	START	1674219457138
USER	To check Api Correlation	START	1674219457136
USER	To check Api Correlation	START	1674219457139
USER	To check Api Correlation	START	1674219457138
USER	To check Api Correlation	START	1674219457136
USER	To check Api Correlation	START	1674219457138
USER	To check Api Correlation	START	1674219457139
USER	To check Api Correlation	START	1674219457139
USER	To check Api Correlation	START	1674219457137
USER	To check Api Correlation	START	1674219457139
USER	To check Api Correlation	START	1674219456846
USER	To check Api Correlation	START	1674219457137
USER	To check Api Correlation	START	1674219457139
USER	To check Api Correlation	START	1674219457139
USER	To check Api Correlation	START	1674219457140
USER	To check Api Correlation	START	1674219457136
USER	To check Api Correlation	START	1674219456846
USER	To check Api Correlation	START	1674219457136
USER	To check Api Correlation	START	1674219457137
USER	To check Api Correlation	START	1674219457142
USER	To check Api Correlation	START	1674219457137
USER	To check Api Correlation	START	1674219457136
USER	To check Api Correlation	START	1674219456845
USER	To check Api Correlation	START	1674219456845
USER	To check Api Correlation	START	1674219457136
USER	To check Api Correlation	START	1674219457137
USER	To check Api Correlation	START	1674219457143
USER	To check Api Correlation	START	1674219457143
USER	To check Api Correlation	START	1674219457143
USER	To check Api Correlation	START	1674219457143
USER	To check Api Correlation	START	1674219456845
USER	To check Api Correlation	START	1674219457144
USER	To check Api Correlation	START	1674219456845
USER	To check Api Correlation	START	1674219457138
USER	To check Api Correlation	START	1674219457145
USER	To check Api Correlation	START	1674219457145
USER	To check Api Correlation	START	1674219457137
USER	To check Api Correlation	START	1674219457137
USER	To check Api Correlation	START	1674219456846
USER	To check Api Correlation	START	1674219457139
USER	To check Api Correlation	START	1674219457138
USER	To check Api Correlation	START	1674219457137
USER	To check Api Correlation	START	1674219457139
USER	To check Api Correlation	START	1674219457146
USER	To check Api Correlation	START	1674219457140
USER	To check Api Correlation	START	1674219457137
USER	To check Api Correlation	START	1674219457146
USER	To check Api Correlation	START	1674219457142
USER	To check Api Correlation	START	1674219457147
USER	To check Api Correlation	START	1674219457147
USER	To check Api Correlation	START	1674219457147
USER	To check Api Correlation	START	1674219457142
USER	To check Api Correlation	START	1674219457143
USER	To check Api Correlation	START	1674219457143
USER	To check Api Correlation	START	1674219457138
USER	To check Api Correlation	START	1674219457145
USER	To check Api Correlation	START	1674219457147
USER	To check Api Correlation	START	1674219457149
USER	To check Api Correlation	START	1674219457149
USER	To check Api Correlation	START	1674219457147
USER	To check Api Correlation	START	1674219457147
USER	To check Api Correlation	START	1674219457147
USER	To check Api Correlation	START	1674219457143
USER	To check Api Correlation	START	1674219457151
USER	To check Api Correlation	START	1674219457148
USER	To check Api Correlation	START	1674219457146
USER	To check Api Correlation	START	1674219457154
REQUEST		to get list of users	1674219456872	1674219458304	OK	 
REQUEST		to get list of users	1674219457139	1674219458306	OK	 
REQUEST		to get list of users	1674219457136	1674219458378	OK	 
REQUEST		to get list of users	1674219457143	1674219458425	OK	 
REQUEST		to get list of users	1674219457138	1674219458487	OK	 
REQUEST		to get list of users	1674219457140	1674219458523	OK	 
REQUEST		to get list of users	1674219457138	1674219458533	OK	 
REQUEST		to get list of users	1674219457144	1674219458533	OK	 
REQUEST		to get list of users	1674219457147	1674219458655	OK	 
REQUEST		to get list of users	1674219457149	1674219458763	OK	 
REQUEST		to get list of users	1674219456872	1674219458763	OK	 
REQUEST		to get list of users	1674219457152	1674219458789	OK	 
REQUEST		to get list of users	1674219456873	1674219458876	OK	 
REQUEST		to get list of users	1674219457137	1674219458902	OK	 
REQUEST		to get list of users	1674219457137	1674219458916	OK	 
REQUEST		to get list of users	1674219456873	1674219458930	OK	 
REQUEST		to get list of users	1674219456872	1674219458939	OK	 
REQUEST		to get list of users	1674219456872	1674219458940	OK	 
REQUEST		to get list of users	1674219457144	1674219458967	OK	 
REQUEST		to get list of users	1674219456873	1674219458968	OK	 
REQUEST		to get list of users	1674219457138	1674219458987	OK	 
REQUEST		to get list of users	1674219457146	1674219458987	OK	 
REQUEST		to get list of users	1674219456873	1674219458988	OK	 
REQUEST		to get list of users	1674219456872	1674219458993	OK	 
REQUEST		to get list of users	1674219457139	1674219458993	OK	 
REQUEST		to get list of users	1674219457139	1674219458997	OK	 
REQUEST		to get list of users	1674219456873	1674219459008	OK	 
REQUEST		to get list of users	1674219457141	1674219459008	OK	 
REQUEST		to get list of users	1674219457147	1674219459365	OK	 
REQUEST		to get list of users	1674219457146	1674219459426	OK	 
REQUEST		to get list of users	1674219457143	1674219459441	OK	 
REQUEST		to get list of users	1674219457149	1674219459551	OK	 
REQUEST		to get list of users	1674219457137	1674219459565	OK	 
REQUEST		to get list of users	1674219456872	1674219459582	OK	 
REQUEST		to get list of users	1674219457138	1674219459737	OK	 
REQUEST		to get list of users	1674219456872	1674219459861	OK	 
REQUEST		to get list of users	1674219457142	1674219459922	OK	 
REQUEST		to get list of users	1674219456872	1674219459940	OK	 
REQUEST		to get list of users	1674219457145	1674219459953	OK	 
REQUEST		to get list of users	1674219457139	1674219459964	OK	 
REQUEST		to get list of users	1674219457150	1674219459972	OK	 
REQUEST		to get list of users	1674219457139	1674219460090	OK	 
REQUEST		to get list of users	1674219457145	1674219460138	OK	 
REQUEST		to get list of users	1674219456872	1674219460231	OK	 
REQUEST		to get list of users	1674219457148	1674219460231	OK	 
REQUEST		to get list of users	1674219456872	1674219460232	OK	 
REQUEST		to get list of users	1674219457139	1674219460394	OK	 
REQUEST		to get list of users	1674219457137	1674219460399	OK	 
REQUEST		to get list of users	1674219456873	1674219460492	OK	 
REQUEST		to get list of users	1674219457155	1674219460522	OK	 
REQUEST		to get list of users	1674219456873	1674219460655	OK	 
REQUEST		to get list of users	1674219456872	1674219460657	OK	 
REQUEST		to get list of users	1674219457140	1674219460786	OK	 
REQUEST		to get list of users	1674219457150	1674219460786	OK	 
REQUEST		to get list of users	1674219457138	1674219460786	OK	 
REQUEST		to get list of users	1674219457137	1674219460819	OK	 
REQUEST		to get list of users	1674219457139	1674219460821	OK	 
REQUEST		to get list of users	1674219456873	1674219460943	OK	 
REQUEST		to get list of users	1674219456873	1674219461061	OK	 
REQUEST		to get list of users	1674219457147	1674219461063	OK	 
REQUEST		to get list of users	1674219457143	1674219461063	OK	 
REQUEST		to get list of users	1674219457143	1674219461171	OK	 
REQUEST		to get list of users	1674219457137	1674219461203	OK	 
REQUEST		to get list of users	1674219457149	1674219461322	OK	 
REQUEST		to get list of users	1674219456872	1674219461322	OK	 
REQUEST		to get list of users	1674219457148	1674219461332	OK	 
REQUEST		to get list of users	1674219456872	1674219461332	OK	 
REQUEST		to get list of users	1674219457139	1674219461370	OK	 
REQUEST		to get list of users	1674219457139	1674219461398	OK	 
REQUEST		to get list of users	1674219456872	1674219461409	OK	 
REQUEST		to get list of users	1674219457143	1674219461484	OK	 
REQUEST		to get list of users	1674219457142	1674219461484	OK	 
REQUEST		to get list of users	1674219456872	1674219461484	OK	 
REQUEST		to get list of users	1674219457147	1674219461627	OK	 
REQUEST		to get list of users	1674219457136	1674219461626	OK	 
REQUEST		to get list of users	1674219457138	1674219461671	OK	 
REQUEST		to get list of users	1674219457145	1674219461766	OK	 
REQUEST		to get list of users	1674219456872	1674219461767	OK	 
REQUEST		to get list of users	1674219456872	1674219461771	OK	 
REQUEST		to get list of users	1674219457137	1674219461813	OK	 
REQUEST		to get list of users	1674219457148	1674219461828	OK	 
REQUEST		to get list of users	1674219457144	1674219461850	OK	 
REQUEST		to get list of users	1674219457147	1674219461872	OK	 
REQUEST		to get list of users	1674219457137	1674219461877	OK	 
REQUEST		to get list of users	1674219457147	1674219461939	OK	 
REQUEST		to get list of users	1674219456873	1674219461949	OK	 
REQUEST		to get list of users	1674219457138	1674219461981	OK	 
REQUEST		to get list of users	1674219456872	1674219461996	OK	 
REQUEST		to get list of users	1674219457148	1674219462011	OK	 
REQUEST		to get list of users	1674219457136	1674219462086	OK	 
REQUEST		to get list of users	1674219456873	1674219462086	OK	 
REQUEST		to get list of users	1674219456872	1674219462098	OK	 
REQUEST		to get list of users	1674219457139	1674219462103	OK	 
REQUEST		to get list of users	1674219457143	1674219462164	OK	 
REQUEST		to get list of users	1674219457142	1674219462224	OK	 
REQUEST		to get list of users	1674219457149	1674219462241	OK	 
REQUEST		to get list of users	1674219457149	1674219462281	OK	 
REQUEST		to get list of users	1674219456873	1674219462292	OK	 
REQUEST		to get list of users	1674219456872	1674219462309	OK	 
REQUEST		to get list of users	1674219457143	1674219462385	OK	 
REQUEST		get the specific user	1674219463370	1674219463934	OK	 
USER	To check Api Correlation	END	1674219463939
REQUEST		get the specific user	1674219463370	1674219464014	OK	 
REQUEST		get the specific user	1674219463380	1674219464014	OK	 
USER	To check Api Correlation	END	1674219464015
USER	To check Api Correlation	END	1674219464015
REQUEST		get the specific user	1674219463427	1674219464023	OK	 
USER	To check Api Correlation	END	1674219464024
REQUEST		get the specific user	1674219463490	1674219464148	OK	 
REQUEST		get the specific user	1674219463537	1674219464148	OK	 
REQUEST		get the specific user	1674219463537	1674219464149	OK	 
REQUEST		get the specific user	1674219463537	1674219464149	OK	 
USER	To check Api Correlation	END	1674219464150
USER	To check Api Correlation	END	1674219464150
USER	To check Api Correlation	END	1674219464150
USER	To check Api Correlation	END	1674219464150
REQUEST		get the specific user	1674219463664	1674219464299	OK	 
USER	To check Api Correlation	END	1674219464300
REQUEST		get the specific user	1674219463775	1674219464326	OK	 
USER	To check Api Correlation	END	1674219464327
REQUEST		get the specific user	1674219463775	1674219464337	OK	 
USER	To check Api Correlation	END	1674219464338
REQUEST		get the specific user	1674219463806	1674219464342	OK	 
USER	To check Api Correlation	END	1674219464342
REQUEST		get the specific user	1674219463887	1674219464456	OK	 
USER	To check Api Correlation	END	1674219464457
REQUEST		get the specific user	1674219463917	1674219464533	OK	 
USER	To check Api Correlation	END	1674219464534
REQUEST		get the specific user	1674219463978	1674219464602	OK	 
REQUEST		get the specific user	1674219463978	1674219464602	OK	 
USER	To check Api Correlation	END	1674219464604
USER	To check Api Correlation	END	1674219464604
REQUEST		get the specific user	1674219463993	1674219464617	OK	 
USER	To check Api Correlation	END	1674219464619
REQUEST		get the specific user	1674219463933	1674219464627	OK	 
USER	To check Api Correlation	END	1674219464628
REQUEST		get the specific user	1674219463993	1674219464645	OK	 
USER	To check Api Correlation	END	1674219464646
REQUEST		get the specific user	1674219464009	1674219464655	OK	 
USER	To check Api Correlation	END	1674219464656
REQUEST		get the specific user	1674219464009	1674219464666	OK	 
USER	To check Api Correlation	END	1674219464667
REQUEST		get the specific user	1674219464010	1674219464668	OK	 
USER	To check Api Correlation	END	1674219464669
REQUEST		get the specific user	1674219464025	1674219464687	OK	 
USER	To check Api Correlation	END	1674219464688
REQUEST		get the specific user	1674219464010	1674219464744	OK	 
REQUEST		get the specific user	1674219463948	1674219464744	OK	 
REQUEST		get the specific user	1674219463993	1674219464744	OK	 
USER	To check Api Correlation	END	1674219464744
USER	To check Api Correlation	END	1674219464745
USER	To check Api Correlation	END	1674219464745
REQUEST		get the specific user	1674219463933	1674219464763	OK	 
USER	To check Api Correlation	END	1674219464764
REQUEST		get the specific user	1674219463948	1674219464830	OK	 
USER	To check Api Correlation	END	1674219464831
REQUEST		get the specific user	1674219464369	1674219464954	OK	 
USER	To check Api Correlation	END	1674219464955
REQUEST		get the specific user	1674219464430	1674219464971	OK	 
USER	To check Api Correlation	END	1674219464972
REQUEST		get the specific user	1674219464446	1674219464990	OK	 
USER	To check Api Correlation	END	1674219464991
REQUEST		get the specific user	1674219464555	1674219465244	OK	 
USER	To check Api Correlation	END	1674219465245
REQUEST		get the specific user	1674219464587	1674219465247	OK	 
USER	To check Api Correlation	END	1674219465247
REQUEST		get the specific user	1674219464570	1674219465258	OK	 
USER	To check Api Correlation	END	1674219465259
REQUEST		get the specific user	1674219464741	1674219465358	OK	 
USER	To check Api Correlation	END	1674219465359
REQUEST		get the specific user	1674219464865	1674219465520	OK	 
REQUEST		get the specific user	1674219464943	1674219465520	OK	 
USER	To check Api Correlation	END	1674219465521
USER	To check Api Correlation	END	1674219465522
REQUEST		get the specific user	1674219464957	1674219465527	OK	 
USER	To check Api Correlation	END	1674219465527
REQUEST		get the specific user	1674219464972	1674219465544	OK	 
USER	To check Api Correlation	END	1674219465544
REQUEST		get the specific user	1674219464988	1674219465581	OK	 
USER	To check Api Correlation	END	1674219465582
REQUEST		get the specific user	1674219465097	1674219465661	OK	 
USER	To check Api Correlation	END	1674219465662
REQUEST		get the specific user	1674219465144	1674219465708	OK	 
USER	To check Api Correlation	END	1674219465709
REQUEST		get the specific user	1674219464927	1674219465763	OK	 
USER	To check Api Correlation	END	1674219465764
REQUEST		get the specific user	1674219465238	1674219465777	OK	 
USER	To check Api Correlation	END	1674219465777
REQUEST		get the specific user	1674219465238	1674219465779	OK	 
USER	To check Api Correlation	END	1674219465779
REQUEST		get the specific user	1674219465238	1674219465831	OK	 
USER	To check Api Correlation	END	1674219465832
REQUEST		get the specific user	1674219465408	1674219465992	OK	 
USER	To check Api Correlation	END	1674219465993
REQUEST		get the specific user	1674219465408	1674219466001	OK	 
USER	To check Api Correlation	END	1674219466001
REQUEST		get the specific user	1674219465501	1674219466115	OK	 
USER	To check Api Correlation	END	1674219466116
REQUEST		get the specific user	1674219465533	1674219466115	OK	 
USER	To check Api Correlation	END	1674219466117
REQUEST		get the specific user	1674219465659	1674219466189	OK	 
USER	To check Api Correlation	END	1674219466190
REQUEST		get the specific user	1674219465659	1674219466199	OK	 
USER	To check Api Correlation	END	1674219466199
REQUEST		get the specific user	1674219465831	1674219466442	OK	 
REQUEST		get the specific user	1674219465800	1674219466442	OK	 
USER	To check Api Correlation	END	1674219466443
USER	To check Api Correlation	END	1674219466443
REQUEST		get the specific user	1674219465800	1674219466454	OK	 
USER	To check Api Correlation	END	1674219466455
REQUEST		get the specific user	1674219465800	1674219466466	OK	 
USER	To check Api Correlation	END	1674219466466
REQUEST		get the specific user	1674219465831	1674219466506	OK	 
USER	To check Api Correlation	END	1674219466507
REQUEST		get the specific user	1674219465957	1674219466586	OK	 
USER	To check Api Correlation	END	1674219466587
REQUEST		get the specific user	1674219466080	1674219466744	OK	 
REQUEST		get the specific user	1674219466080	1674219466744	OK	 
USER	To check Api Correlation	END	1674219466745
USER	To check Api Correlation	END	1674219466745
REQUEST		get the specific user	1674219466065	1674219466747	OK	 
USER	To check Api Correlation	END	1674219466748
REQUEST		get the specific user	1674219466174	1674219466753	OK	 
USER	To check Api Correlation	END	1674219466754
REQUEST		get the specific user	1674219466205	1674219466791	OK	 
USER	To check Api Correlation	END	1674219466792
REQUEST		get the specific user	1674219466344	1674219466891	OK	 
REQUEST		get the specific user	1674219466329	1674219466891	OK	 
USER	To check Api Correlation	END	1674219466892
USER	To check Api Correlation	END	1674219466892
REQUEST		get the specific user	1674219466344	1674219466911	OK	 
USER	To check Api Correlation	END	1674219466912
REQUEST		get the specific user	1674219466329	1674219466922	OK	 
USER	To check Api Correlation	END	1674219466923
REQUEST		get the specific user	1674219466375	1674219466989	OK	 
USER	To check Api Correlation	END	1674219466990
REQUEST		get the specific user	1674219466422	1674219467087	OK	 
USER	To check Api Correlation	END	1674219467088
REQUEST		get the specific user	1674219466406	1674219467090	OK	 
USER	To check Api Correlation	END	1674219467090
REQUEST		get the specific user	1674219466500	1674219467112	OK	 
USER	To check Api Correlation	END	1674219467113
REQUEST		get the specific user	1674219466500	1674219467202	OK	 
USER	To check Api Correlation	END	1674219467202
REQUEST		get the specific user	1674219466500	1674219467221	OK	 
USER	To check Api Correlation	END	1674219467222
REQUEST		get the specific user	1674219466641	1674219467227	OK	 
USER	To check Api Correlation	END	1674219467227
REQUEST		get the specific user	1674219466641	1674219467229	OK	 
USER	To check Api Correlation	END	1674219467230
REQUEST		get the specific user	1674219466877	1674219467344	OK	 
REQUEST		get the specific user	1674219466687	1674219467344	OK	 
USER	To check Api Correlation	END	1674219467345
USER	To check Api Correlation	END	1674219467345
REQUEST		get the specific user	1674219466781	1674219467363	OK	 
USER	To check Api Correlation	END	1674219467364
REQUEST		get the specific user	1674219466781	1674219467373	OK	 
REQUEST		get the specific user	1674219466781	1674219467373	OK	 
USER	To check Api Correlation	END	1674219467374
USER	To check Api Correlation	END	1674219467374
REQUEST		get the specific user	1674219466860	1674219467452	OK	 
USER	To check Api Correlation	END	1674219467453
REQUEST		get the specific user	1674219466844	1674219467522	OK	 
USER	To check Api Correlation	END	1674219467523
REQUEST		get the specific user	1674219466829	1674219467525	OK	 
USER	To check Api Correlation	END	1674219467526
REQUEST		get the specific user	1674219466954	1674219467560	OK	 
USER	To check Api Correlation	END	1674219467561
REQUEST		get the specific user	1674219466892	1674219467574	OK	 
USER	To check Api Correlation	END	1674219467575
REQUEST		get the specific user	1674219466954	1674219467671	OK	 
USER	To check Api Correlation	END	1674219467672
REQUEST		get the specific user	1674219467014	1674219467672	OK	 
USER	To check Api Correlation	END	1674219467673
REQUEST		get the specific user	1674219466984	1674219467674	OK	 
USER	To check Api Correlation	END	1674219467675
REQUEST		get the specific user	1674219466999	1674219467722	OK	 
REQUEST		get the specific user	1674219467091	1674219467722	OK	 
USER	To check Api Correlation	END	1674219467723
USER	To check Api Correlation	END	1674219467723
REQUEST		get the specific user	1674219467106	1674219467736	OK	 
USER	To check Api Correlation	END	1674219467736
REQUEST		get the specific user	1674219467091	1674219467745	OK	 
USER	To check Api Correlation	END	1674219467746
REQUEST		get the specific user	1674219467106	1674219467833	OK	 
USER	To check Api Correlation	END	1674219467834
REQUEST		get the specific user	1674219467246	1674219467838	OK	 
USER	To check Api Correlation	END	1674219467839
REQUEST		get the specific user	1674219467168	1674219467860	OK	 
USER	To check Api Correlation	END	1674219467861
REQUEST		get the specific user	1674219467231	1674219467897	OK	 
USER	To check Api Correlation	END	1674219467898
REQUEST		get the specific user	1674219467308	1674219467976	OK	 
REQUEST		get the specific user	1674219467293	1674219467977	OK	 
REQUEST		get the specific user	1674219467323	1674219467976	OK	 
USER	To check Api Correlation	END	1674219467977
USER	To check Api Correlation	END	1674219467978
USER	To check Api Correlation	END	1674219467978
REQUEST		get the specific user	1674219467400	1674219467988	OK	 
USER	To check Api Correlation	END	1674219467989
